<?xml version="1.0" encoding="UTF-8"?>
<testng-results skipped="0" failed="0" total="3" passed="3">
  <reporter-output>
  </reporter-output>
  <suite name="Parallel" duration-ms="18134" started-at="2021-12-17T04:45:01Z" finished-at="2021-12-17T04:45:19Z">
    <groups>
    </groups>
    <test name="SingleTestEnv3" duration-ms="12414" started-at="2021-12-17T04:45:01Z" finished-at="2021-12-17T04:45:13Z">
      <class name="com.browserstack.SingleTest">
        <test-method status="PASS" signature="setUp(java.lang.String, java.lang.String)[pri:0, instance:com.browserstack.SingleTest@34ce8af7]" name="setUp" is-config="true" duration-ms="4655" started-at="2021-12-17T10:15:01Z" finished-at="2021-12-17T10:15:05Z">
          <params>
            <param index="0">
              <value>
                <![CDATA[parallel.conf.json]]>
              </value>
            </param>
            <param index="1">
              <value>
                <![CDATA[env3]]>
              </value>
            </param>
          </params>
          <reporter-output>
          </reporter-output>
        </test-method> <!-- setUp -->
        <test-method status="PASS" signature="test()[pri:0, instance:com.browserstack.SingleTest@34ce8af7]" name="test" duration-ms="6447" started-at="2021-12-17T10:15:05Z" finished-at="2021-12-17T10:15:12Z">
          <reporter-output>
          </reporter-output>
        </test-method> <!-- test -->
        <test-method status="PASS" signature="tearDown()[pri:0, instance:com.browserstack.SingleTest@34ce8af7]" name="tearDown" is-config="true" duration-ms="1305" started-at="2021-12-17T10:15:12Z" finished-at="2021-12-17T10:15:13Z">
          <reporter-output>
          </reporter-output>
        </test-method> <!-- tearDown -->
      </class> <!-- com.browserstack.SingleTest -->
    </test> <!-- SingleTestEnv3 -->
    <test name="SingleTestEnv2" duration-ms="17578" started-at="2021-12-17T04:45:01Z" finished-at="2021-12-17T04:45:18Z">
      <class name="com.browserstack.SingleTest">
        <test-method status="PASS" signature="setUp(java.lang.String, java.lang.String)[pri:0, instance:com.browserstack.SingleTest@5594a1b5]" name="setUp" is-config="true" duration-ms="7914" started-at="2021-12-17T10:15:01Z" finished-at="2021-12-17T10:15:08Z">
          <params>
            <param index="0">
              <value>
                <![CDATA[parallel.conf.json]]>
              </value>
            </param>
            <param index="1">
              <value>
                <![CDATA[env2]]>
              </value>
            </param>
          </params>
          <reporter-output>
          </reporter-output>
        </test-method> <!-- setUp -->
        <test-method status="PASS" signature="test()[pri:0, instance:com.browserstack.SingleTest@5594a1b5]" name="test" duration-ms="8264" started-at="2021-12-17T10:15:08Z" finished-at="2021-12-17T10:15:17Z">
          <reporter-output>
          </reporter-output>
        </test-method> <!-- test -->
        <test-method status="PASS" signature="tearDown()[pri:0, instance:com.browserstack.SingleTest@5594a1b5]" name="tearDown" is-config="true" duration-ms="1394" started-at="2021-12-17T10:15:17Z" finished-at="2021-12-17T10:15:18Z">
          <reporter-output>
          </reporter-output>
        </test-method> <!-- tearDown -->
      </class> <!-- com.browserstack.SingleTest -->
    </test> <!-- SingleTestEnv2 -->
    <test name="SingleTestEnv1" duration-ms="18134" started-at="2021-12-17T04:45:01Z" finished-at="2021-12-17T04:45:19Z">
      <class name="com.browserstack.SingleTest">
        <test-method status="PASS" signature="setUp(java.lang.String, java.lang.String)[pri:0, instance:com.browserstack.SingleTest@5a39699c]" name="setUp" is-config="true" duration-ms="5710" started-at="2021-12-17T10:15:01Z" finished-at="2021-12-17T10:15:06Z">
          <params>
            <param index="0">
              <value>
                <![CDATA[parallel.conf.json]]>
              </value>
            </param>
            <param index="1">
              <value>
                <![CDATA[env1]]>
              </value>
            </param>
          </params>
          <reporter-output>
          </reporter-output>
        </test-method> <!-- setUp -->
        <test-method status="PASS" signature="test()[pri:0, instance:com.browserstack.SingleTest@5a39699c]" name="test" duration-ms="10919" started-at="2021-12-17T10:15:06Z" finished-at="2021-12-17T10:15:17Z">
          <reporter-output>
          </reporter-output>
        </test-method> <!-- test -->
        <test-method status="PASS" signature="tearDown()[pri:0, instance:com.browserstack.SingleTest@5a39699c]" name="tearDown" is-config="true" duration-ms="1499" started-at="2021-12-17T10:15:17Z" finished-at="2021-12-17T10:15:19Z">
          <reporter-output>
          </reporter-output>
        </test-method> <!-- tearDown -->
      </class> <!-- com.browserstack.SingleTest -->
    </test> <!-- SingleTestEnv1 -->
  </suite> <!-- Parallel -->
</testng-results>
